<?xml version="1.0" encoding="UTF-8"?>
<!-- Generated by org.testng.reporters.JUnitXMLReporter -->
<testsuite ignored="0" hostname="DESKTOP-NN9J2VM" failures="0" tests="3" name="test" time="74.174" errors="0" timestamp="18 Aug 2023 07:15:29 GMT">
  <testcase classname="testngPractise.verifyURL" name="URLVerify" time="0.025"/>
  <testcase classname="testngPractise.VerifyTitle" name="verifyTitle" time="0.014"/>
  <testcase classname="testngPractise.Login" name="login" time="4.59"/>
</testsuite> <!-- test -->
