<?xml version="1.0" encoding="UTF-8"?>
<testng-results ignored="0" total="1" passed="1" failed="0" skipped="0">
  <reporter-output>
  </reporter-output>
  <suite started-at="2023-08-22T07:03:31Z" name="Default suite" finished-at="2023-08-22T07:04:03Z" duration-ms="31857">
    <groups>
    </groups>
    <test started-at="2023-08-22T07:03:31Z" name="Default test" finished-at="2023-08-22T07:04:03Z" duration-ms="31857">
      <class name="OrangeHRM.demo">
        <test-method is-config="true" signature="setup()[pri:0, instance:OrangeHRM.demo@7e057f43]" started-at="2023-08-22T07:03:31Z" name="setup" finished-at="2023-08-22T07:03:39Z" duration-ms="8589" status="PASS">
          <reporter-output>
          </reporter-output>
        </test-method> <!-- setup -->
        <test-method signature="login()[pri:1, instance:OrangeHRM.demo@7e057f43]" started-at="2023-08-22T07:03:39Z" name="login" finished-at="2023-08-22T07:04:00Z" duration-ms="21023" status="PASS">
          <reporter-output>
          </reporter-output>
        </test-method> <!-- login -->
        <test-method is-config="true" signature="tearDown()[pri:0, instance:OrangeHRM.demo@7e057f43]" started-at="2023-08-22T07:04:00Z" name="tearDown" finished-at="2023-08-22T07:04:03Z" duration-ms="2220" status="PASS">
          <reporter-output>
          </reporter-output>
        </test-method> <!-- tearDown -->
      </class> <!-- OrangeHRM.demo -->
    </test> <!-- Default test -->
  </suite> <!-- Default suite -->
</testng-results>
